   1               		.file	"nrf24l01p.c"
   2               	__SREG__ = 0x3f
   3               	__SP_H__ = 0x3e
   4               	__SP_L__ = 0x3d
   5               	__CCP__  = 0x34
   6               	__tmp_reg__ = 0
   7               	__zero_reg__ = 1
  15               	.Ltext0:
  16               	.global	nRF24L01P_Struct_Init
  18               	nRF24L01P_Struct_Init:
  19               	.LFB6:
  20               	.LM1:
  21               	/* prologue: function */
  22               	/* frame size = 0 */
  23               	.LM2:
  24 0000 80E0      		ldi r24,lo8(nRF24L01P_type)
  25 0002 90E0      		ldi r25,hi8(nRF24L01P_type)
  26 0004 9093 0000 		sts (nRF24L01P)+1,r25
  27 0008 8093 0000 		sts nRF24L01P,r24
  28               	.LM3:
  29 000c 1092 0000 		sts nRF24L01P_type,__zero_reg__
  30               	.LM4:
  31 0010 1092 0000 		sts nRF24L01P_type+1,__zero_reg__
  32               	.LM5:
  33 0014 1092 0000 		sts nRF24L01P_type+2,__zero_reg__
  34               	.LM6:
  35 0018 1092 0000 		sts nRF24L01P_type+3,__zero_reg__
  36               	.LM7:
  37 001c 21E0      		ldi r18,lo8(1)
  38 001e 2093 0000 		sts nRF24L01P_type+4,r18
  39               	.LM8:
  40 0022 8AE0      		ldi r24,lo8(10)
  41 0024 90E0      		ldi r25,hi8(10)
  42 0026 9093 0000 		sts (nRF24L01P_type+5)+1,r25
  43 002a 8093 0000 		sts nRF24L01P_type+5,r24
  44               	.LM9:
  45 002e 1092 0000 		sts (nRF24L01P_type+7)+1,__zero_reg__
  46 0032 1092 0000 		sts nRF24L01P_type+7,__zero_reg__
  47               	.LM10:
  48 0036 1092 0000 		sts nRF24L01P_type+9,__zero_reg__
  49               	.LM11:
  50 003a 1092 0000 		sts (nRF24L01P_type+10)+1,__zero_reg__
  51 003e 1092 0000 		sts nRF24L01P_type+10,__zero_reg__
  52               	.LM12:
  53 0042 1092 0000 		sts (nRF24L01P_type+12)+1,__zero_reg__
  54 0046 1092 0000 		sts nRF24L01P_type+12,__zero_reg__
  55               	.LM13:
  56 004a 1092 0000 		sts nRF24L01P_type+14,__zero_reg__
  57               	.LM14:
  58 004e 2093 0000 		sts nRF24L01P_type+15,r18
  59               	.LM15:
  60 0052 1092 0000 		sts (nRF24L01P_type+16)+1,__zero_reg__
  61 0056 1092 0000 		sts nRF24L01P_type+16,__zero_reg__
  62               	.LM16:
  63 005a 1092 0000 		sts nRF24L01P_type+18,__zero_reg__
  64               	/* epilogue start */
  65               	.LM17:
  66 005e 0895      		ret
  67               	.LFE6:
  69               	.global	nRF24L01P_CSN_High
  71               	nRF24L01P_CSN_High:
  72               	.LFB7:
  73               	.LM18:
  74               	/* prologue: function */
  75               	/* frame size = 0 */
  76               	.LM19:
  77 0060 2A9A      		sbi 37-32,2
  78               	/* epilogue start */
  79               	.LM20:
  80 0062 0895      		ret
  81               	.LFE7:
  83               	.global	nRF24L01P_CSN_Low
  85               	nRF24L01P_CSN_Low:
  86               	.LFB8:
  87               	.LM21:
  88               	/* prologue: function */
  89               	/* frame size = 0 */
  90               	.LM22:
  91 0064 2A98      		cbi 37-32,2
  92               	/* epilogue start */
  93               	.LM23:
  94 0066 0895      		ret
  95               	.LFE8:
  97               	.global	nRF24L01P_CE_High
  99               	nRF24L01P_CE_High:
 100               	.LFB9:
 101               	.LM24:
 102               	/* prologue: function */
 103               	/* frame size = 0 */
 104               	.LM25:
 105 0068 299A      		sbi 37-32,1
 106               	/* epilogue start */
 107               	.LM26:
 108 006a 0895      		ret
 109               	.LFE9:
 111               	.global	nRF24L01P_CE_Low
 113               	nRF24L01P_CE_Low:
 114               	.LFB10:
 115               	.LM27:
 116               	/* prologue: function */
 117               	/* frame size = 0 */
 118               	.LM28:
 119 006c 2998      		cbi 37-32,1
 120               	/* epilogue start */
 121               	.LM29:
 122 006e 0895      		ret
 123               	.LFE10:
 125               	.global	nRF24L01P_Enable_GPIO
 127               	nRF24L01P_Enable_GPIO:
 128               	.LFB11:
 129               	.LM30:
 130               	/* prologue: function */
 131               	/* frame size = 0 */
 132               	.LM31:
 133 0070 84B1      		in r24,36-32
 134 0072 8C62      		ori r24,lo8(44)
 135 0074 84B9      		out 36-32,r24
 136               	.LM32:
 137 0076 2498      		cbi 36-32,4
 138               	.LM33:
 139 0078 229A      		sbi 36-32,2
 140               	.LM34:
 141 007a 219A      		sbi 36-32,1
 142               	.LBB177:
 143               	.LBB178:
 144               	.LM35:
 145 007c 2A9A      		sbi 37-32,2
 146               	.LBE178:
 147               	.LBE177:
 148               	.LBB179:
 149               	.LBB180:
 150               	.LM36:
 151 007e 2998      		cbi 37-32,1
 152               	/* epilogue start */
 153               	.LBE180:
 154               	.LBE179:
 155               	.LM37:
 156 0080 0895      		ret
 157               	.LFE11:
 159               	.global	nRF24L01P_Disable_GPIO
 161               	nRF24L01P_Disable_GPIO:
 162               	.LFB12:
 163               	.LM38:
 164               	/* prologue: function */
 165               	/* frame size = 0 */
 166               	.LM39:
 167 0082 249A      		sbi 36-32,4
 168               	.LM40:
 169 0084 85B1      		in r24,37-32
 170 0086 837C      		andi r24,lo8(-61)
 171 0088 85B9      		out 37-32,r24
 172               	.LBB181:
 173               	.LBB182:
 174               	.LM41:
 175 008a 2A9A      		sbi 37-32,2
 176               	.LBE182:
 177               	.LBE181:
 178               	.LBB183:
 179               	.LBB184:
 180               	.LM42:
 181 008c 2998      		cbi 37-32,1
 182               	/* epilogue start */
 183               	.LBE184:
 184               	.LBE183:
 185               	.LM43:
 186 008e 0895      		ret
 187               	.LFE12:
 189               	.global	nRF24L01P_Enable_SPI
 191               	nRF24L01P_Enable_SPI:
 192               	.LFB13:
 193               	.LM44:
 194               	/* prologue: function */
 195               	/* frame size = 0 */
 196               	.LM45:
 197 0090 80E5      		ldi r24,lo8(80)
 198 0092 8CBD      		out 76-32,r24
 199               	.LM46:
 200 0094 81E0      		ldi r24,lo8(1)
 201 0096 8DBD      		out 77-32,r24
 202               	/* epilogue start */
 203               	.LM47:
 204 0098 0895      		ret
 205               	.LFE13:
 207               	.global	nRF24L01P_Disable_SPI
 209               	nRF24L01P_Disable_SPI:
 210               	.LFB14:
 211               	.LM48:
 212               	/* prologue: function */
 213               	/* frame size = 0 */
 214               	.LM49:
 215 009a 1CBC      		out 76-32,__zero_reg__
 216               	.LM50:
 217 009c 1DBC      		out 77-32,__zero_reg__
 218               	/* epilogue start */
 219               	.LM51:
 220 009e 0895      		ret
 221               	.LFE14:
 223               	.global	nRF24L01P_Enable
 225               	nRF24L01P_Enable:
 226               	.LFB15:
 227               	.LM52:
 228               	/* prologue: function */
 229               	/* frame size = 0 */
 230               	.LM53:
 231 00a0 0E94 0000 		call nRF24L01P_Enable_GPIO
 232               	.LBB185:
 233               	.LBB186:
 234               	.LM54:
 235 00a4 80E5      		ldi r24,lo8(80)
 236 00a6 8CBD      		out 76-32,r24
 237               	.LM55:
 238 00a8 81E0      		ldi r24,lo8(1)
 239 00aa 8DBD      		out 77-32,r24
 240               	/* epilogue start */
 241               	.LBE186:
 242               	.LBE185:
 243               	.LM56:
 244 00ac 0895      		ret
 245               	.LFE15:
 247               	.global	nRF24L01P_Disable
 249               	nRF24L01P_Disable:
 250               	.LFB16:
 251               	.LM57:
 252               	/* prologue: function */
 253               	/* frame size = 0 */
 254               	.LBB187:
 255               	.LBB188:
 256               	.LM58:
 257 00ae 1CBC      		out 76-32,__zero_reg__
 258               	.LM59:
 259 00b0 1DBC      		out 77-32,__zero_reg__
 260               	.LBE188:
 261               	.LBE187:
 262               	.LM60:
 263 00b2 0E94 0000 		call nRF24L01P_Disable_GPIO
 264               	/* epilogue start */
 265               	.LM61:
 266 00b6 0895      		ret
 267               	.LFE16:
 269               	.global	nRF24L01P_Error_Clear
 271               	nRF24L01P_Error_Clear:
 272               	.LFB17:
 273               	.LM62:
 274               	/* prologue: function */
 275               	/* frame size = 0 */
 276               	.LM63:
 277 00b8 E091 0000 		lds r30,nRF24L01P
 278 00bc F091 0000 		lds r31,(nRF24L01P)+1
 279 00c0 118A      		std Z+17,__zero_reg__
 280 00c2 108A      		std Z+16,__zero_reg__
 281               	.LM64:
 282 00c4 128A      		std Z+18,__zero_reg__
 283               	/* epilogue start */
 284               	.LM65:
 285 00c6 0895      		ret
 286               	.LFE17:
 288               	.global	nRF24L01P_Get_Error
 290               	nRF24L01P_Get_Error:
 291               	.LFB18:
 292               	.LM66:
 293               	/* prologue: function */
 294               	/* frame size = 0 */
 295               	.LM67:
 296 00c8 E091 0000 		lds r30,nRF24L01P
 297 00cc F091 0000 		lds r31,(nRF24L01P)+1
 298               	.LM68:
 299 00d0 8289      		ldd r24,Z+18
 300               	/* epilogue start */
 301 00d2 0895      		ret
 302               	.LFE18:
 304               	.global	nRF24L01P_No_Error
 306               	nRF24L01P_No_Error:
 307               	.LFB19:
 308               	.LM69:
 309               	/* prologue: function */
 310               	/* frame size = 0 */
 311               	.LM70:
 312 00d4 90E0      		ldi r25,lo8(0)
 313 00d6 E091 0000 		lds r30,nRF24L01P
 314 00da F091 0000 		lds r31,(nRF24L01P)+1
 315 00de 8289      		ldd r24,Z+18
 316 00e0 8823      		tst r24
 317 00e2 01F4      		brne .L28
 318 00e4 91E0      		ldi r25,lo8(1)
 319               	.L28:
 320               	.LM71:
 321 00e6 892F      		mov r24,r25
 322               	/* epilogue start */
 323 00e8 0895      		ret
 324               	.LFE19:
 326               	.global	nRF24L01P_Error_Timeout
 328               	nRF24L01P_Error_Timeout:
 329               	.LFB20:
 330               	.LM72:
 331               	/* prologue: function */
 332               	/* frame size = 0 */
 333               	.LBB189:
 334               	.LBB190:
 335               	.LBB191:
 336               	.LBB192:
 337               	.LM73:
 338 00ea 82E0      		ldi r24,lo8(2)
 339               	.LVL0:
 340               	/* #APP */
 341               	 ;  83 "c:/winavr-20100110/lib/gcc/../../avr/include/util/delay_basic.h" 1
 342 00ec 8A95      		1: dec r24
 343 00ee 01F4      		brne 1b
 344               	 ;  0 "" 2
 345               	/* #NOAPP */
 346               	.LBE192:
 347               	.LBE191:
 348               	.LBE190:
 349               	.LBE189:
 350               	.LM74:
 351 00f0 E091 0000 		lds r30,nRF24L01P
 352 00f4 F091 0000 		lds r31,(nRF24L01P)+1
 353 00f8 8089      		ldd r24,Z+16
 354 00fa 9189      		ldd r25,Z+17
 355               	.LVL1:
 356 00fc 0196      		adiw r24,1
 357 00fe 918B      		std Z+17,r25
 358 0100 808B      		std Z+16,r24
 359               	.LM75:
 360 0102 895E      		subi r24,lo8(1001)
 361 0104 9340      		sbci r25,hi8(1001)
 362 0106 00F0      		brlo .L31
 363               	.LM76:
 364 0108 118A      		std Z+17,__zero_reg__
 365 010a 108A      		std Z+16,__zero_reg__
 366               	.LM77:
 367 010c 80E1      		ldi r24,lo8(16)
 368 010e 828B      		std Z+18,r24
 369               	.L31:
 370               	.LM78:
 371 0110 8289      		ldd r24,Z+18
 372               	/* epilogue start */
 373 0112 0895      		ret
 374               	.LFE20:
 376               	.global	nRF24L01P_SPI_Transfer
 378               	nRF24L01P_SPI_Transfer:
 379               	.LFB21:
 380               	.LM79:
 381               	.LVL2:
 382               	/* prologue: function */
 383               	/* frame size = 0 */
 384 0114 982F      		mov r25,r24
 385               	.LBB193:
 386               	.LBB194:
 387               	.LBB195:
 388               	.LBB196:
 389               	.LM80:
 390 0116 E091 0000 		lds r30,nRF24L01P
 391 011a F091 0000 		lds r31,(nRF24L01P)+1
 392               	.LBE196:
 393               	.LBE195:
 394               	.LM81:
 395 011e 8289      		ldd r24,Z+18
 396               	.LVL3:
 397 0120 8823      		tst r24
 398 0122 01F4      		brne .L34
 399               	.LBE194:
 400               	.LBE193:
 401               	.LM82:
 402 0124 9EBD      		out 78-32,r25
 403               	.LBB197:
 404               	.LBB198:
 405               	.LM83:
 406 0126 118A      		std Z+17,__zero_reg__
 407 0128 108A      		std Z+16,__zero_reg__
 408               	.LM84:
 409 012a 128A      		std Z+18,__zero_reg__
 410 012c 00C0      		rjmp .L35
 411               	.L37:
 412               	.LBE198:
 413               	.LBE197:
 414               	.LM85:
 415 012e 0E94 0000 		call nRF24L01P_Error_Timeout
 416               	.LVL4:
 417 0132 8823      		tst r24
 418 0134 01F4      		brne .L36
 419               	.LVL5:
 420               	.L35:
 421               	.LM86:
 422 0136 0DB4      		in __tmp_reg__,77-32
 423 0138 07FE      		sbrs __tmp_reg__,7
 424 013a 00C0      		rjmp .L37
 425               	.L36:
 426               	.LBB199:
 427               	.LBB200:
 428               	.LM87:
 429 013c E091 0000 		lds r30,nRF24L01P
 430 0140 F091 0000 		lds r31,(nRF24L01P)+1
 431 0144 8289      		ldd r24,Z+18
 432 0146 8823      		tst r24
 433 0148 01F4      		brne .L34
 434               	.LBE200:
 435               	.LBE199:
 436               	.LM88:
 437 014a 8EB5      		in r24,78-32
 438               	.LVL6:
 439 014c 0895      		ret
 440               	.LVL7:
 441               	.L34:
 442 014e 80E0      		ldi r24,lo8(0)
 443               	.LVL8:
 444               	.LVL9:
 445               	.LM89:
 446 0150 0895      		ret
 447               	.LFE21:
 449               	.global	nRF24L01P_Calcuate_CRC
 451               	nRF24L01P_Calcuate_CRC:
 452               	.LFB22:
 453               	.LM90:
 454               	.LVL10:
 455               	/* prologue: function */
 456               	/* frame size = 0 */
 457               	.LM91:
 458 0152 362F      		mov r19,r22
 459               	.LVL11:
 460 0154 20E0      		ldi r18,lo8(0)
 461               	.LVL12:
 462 0156 2827      		eor r18,r24
 463 0158 3927      		eor r19,r25
 464               	.LVL13:
 465 015a 40E0      		ldi r20,lo8(0)
 466               	.LVL14:
 467               	.LBB201:
 468               	.LM92:
 469 015c 61E2      		ldi r22,lo8(4129)
 470 015e 70E1      		ldi r23,hi8(4129)
 471               	.LVL15:
 472               	.L43:
 473 0160 C901      		movw r24,r18
 474 0162 880F      		lsl r24
 475 0164 991F      		rol r25
 476               	.LVL16:
 477               	.LM93:
 478 0166 37FF      		sbrs r19,7
 479 0168 00C0      		rjmp .L41
 480               	.LVL17:
 481               	.LM94:
 482 016a 9C01      		movw r18,r24
 483 016c 2627      		eor r18,r22
 484 016e 3727      		eor r19,r23
 485 0170 00C0      		rjmp .L42
 486               	.LVL18:
 487               	.L41:
 488               	.LM95:
 489 0172 9C01      		movw r18,r24
 490               	.L42:
 491               	.LM96:
 492 0174 4F5F      		subi r20,lo8(-(1))
 493 0176 4830      		cpi r20,lo8(8)
 494 0178 01F4      		brne .L43
 495               	.LBE201:
 496               	.LM97:
 497 017a C901      		movw r24,r18
 498               	.LVL19:
 499               	/* epilogue start */
 500 017c 0895      		ret
 501               	.LFE22:
 503               	.global	nRF24L01P_Calcuate_CRC_Block
 505               	nRF24L01P_Calcuate_CRC_Block:
 506               	.LFB23:
 507               	.LM98:
 508               	.LVL20:
 509 017e 0F93      		push r16
 510 0180 1F93      		push r17
 511 0182 CF93      		push r28
 512 0184 DF93      		push r29
 513               	/* prologue: function */
 514               	/* frame size = 0 */
 515 0186 062F      		mov r16,r22
 516               	.LM99:
 517 0188 EC01      		movw r28,r24
 518               	.LVL21:
 519 018a 20E0      		ldi r18,lo8(0)
 520 018c 30E0      		ldi r19,hi8(0)
 521               	.LVL22:
 522 018e 10E0      		ldi r17,lo8(0)
 523               	.LVL23:
 524 0190 00C0      		rjmp .L47
 525               	.LVL24:
 526               	.L48:
 527               	.LBB202:
 528               	.LM100:
 529 0192 C901      		movw r24,r18
 530 0194 6991      		ld r22,Y+
 531 0196 0E94 0000 		call nRF24L01P_Calcuate_CRC
 532               	.LVL25:
 533 019a 9C01      		movw r18,r24
 534               	.LVL26:
 535               	.LM101:
 536 019c 1F5F      		subi r17,lo8(-(1))
 537               	.LVL27:
 538               	.L47:
 539 019e 1017      		cp r17,r16
 540 01a0 00F0      		brlo .L48
 541               	.LBE202:
 542               	.LM102:
 543 01a2 C901      		movw r24,r18
 544               	.LVL28:
 545               	/* epilogue start */
 546 01a4 DF91      		pop r29
 547 01a6 CF91      		pop r28
 548 01a8 1F91      		pop r17
 549               	.LVL29:
 550 01aa 0F91      		pop r16
 551               	.LVL30:
 552 01ac 0895      		ret
 553               	.LFE23:
 555               	.global	nRF24L01P_ReadWrite_Register
 557               	nRF24L01P_ReadWrite_Register:
 558               	.LFB24:
 559               	.LM103:
 560               	.LVL31:
 561 01ae FF92      		push r15
 562 01b0 0F93      		push r16
 563 01b2 1F93      		push r17
 564 01b4 CF93      		push r28
 565 01b6 DF93      		push r29
 566               	/* prologue: function */
 567               	/* frame size = 0 */
 568 01b8 982F      		mov r25,r24
 569 01ba 142F      		mov r17,r20
 570 01bc 052F      		mov r16,r21
 571               	.LVL32:
 572 01be F22E      		mov r15,r18
 573               	.LBB203:
 574               	.LBB204:
 575               	.LM104:
 576 01c0 E091 0000 		lds r30,nRF24L01P
 577 01c4 F091 0000 		lds r31,(nRF24L01P)+1
 578 01c8 8289      		ldd r24,Z+18
 579               	.LVL33:
 580 01ca 8823      		tst r24
 581 01cc 01F4      		brne .L58
 582               	.LVL34:
 583               	.LBE204:
 584               	.LBE203:
 585               	.LBB205:
 586               	.LBB206:
 587               	.LM105:
 588 01ce 2A98      		cbi 37-32,2
 589               	.LBE206:
 590               	.LBE205:
 591               	.LM106:
 592 01d0 6623      		tst r22
 593 01d2 01F4      		brne .L52
 594               	.LM107:
 595 01d4 892F      		mov r24,r25
 596 01d6 8062      		ori r24,lo8(32)
 597 01d8 0E94 0000 		call nRF24L01P_SPI_Transfer
 598               	.LVL35:
 599 01dc 812F      		mov r24,r17
 600 01de 902F      		mov r25,r16
 601 01e0 9C01      		movw r18,r24
 602 01e2 E901      		movw r28,r18
 603 01e4 10E0      		ldi r17,lo8(0)
 604               	.LVL36:
 605 01e6 00C0      		rjmp .L53
 606               	.L54:
 607               	.LBB207:
 608               	.LM108:
 609 01e8 8991      		ld r24,Y+
 610 01ea 0E94 0000 		call nRF24L01P_SPI_Transfer
 611               	.LM109:
 612 01ee 1F5F      		subi r17,lo8(-(1))
 613               	.L53:
 614 01f0 1F15      		cp r17,r15
 615 01f2 00F0      		brlo .L54
 616 01f4 00C0      		rjmp .L55
 617               	.LVL37:
 618               	.L52:
 619               	.LBE207:
 620               	.LM110:
 621 01f6 892F      		mov r24,r25
 622 01f8 0E94 0000 		call nRF24L01P_SPI_Transfer
 623               	.LVL38:
 624 01fc 812F      		mov r24,r17
 625 01fe 902F      		mov r25,r16
 626 0200 9C01      		movw r18,r24
 627 0202 E901      		movw r28,r18
 628 0204 10E0      		ldi r17,lo8(0)
 629               	.LVL39:
 630 0206 00C0      		rjmp .L56
 631               	.L57:
 632               	.LBB208:
 633               	.LM111:
 634 0208 8FEF      		ldi r24,lo8(-1)
 635 020a 0E94 0000 		call nRF24L01P_SPI_Transfer
 636 020e 8993      		st Y+,r24
 637               	.LM112:
 638 0210 1F5F      		subi r17,lo8(-(1))
 639               	.L56:
 640 0212 1F15      		cp r17,r15
 641 0214 00F0      		brlo .L57
 642               	.LVL40:
 643               	.L55:
 644               	.LBE208:
 645               	.LBB209:
 646               	.LBB210:
 647               	.LM113:
 648 0216 2A9A      		sbi 37-32,2
 649               	.LVL41:
 650               	.L58:
 651               	/* epilogue start */
 652               	.LBE210:
 653               	.LBE209:
 654               	.LM114:
 655 0218 DF91      		pop r29
 656 021a CF91      		pop r28
 657 021c 1F91      		pop r17
 658               	.LVL42:
 659 021e 0F91      		pop r16
 660               	.LVL43:
 661 0220 FF90      		pop r15
 662               	.LVL44:
 663 0222 0895      		ret
 664               	.LFE24:
 666               	.global	nRF24L01P_Flush_Transmit_Buffer
 668               	nRF24L01P_Flush_Transmit_Buffer:
 669               	.LFB25:
 670               	.LM115:
 671               	/* prologue: function */
 672               	/* frame size = 0 */
 673               	.LBB211:
 674               	.LBB212:
 675               	.LBB213:
 676               	.LBB214:
 677               	.LM116:
 678 0224 E091 0000 		lds r30,nRF24L01P
 679 0228 F091 0000 		lds r31,(nRF24L01P)+1
 680               	.LBE214:
 681               	.LBE213:
 682               	.LM117:
 683 022c 8289      		ldd r24,Z+18
 684 022e 8823      		tst r24
 685 0230 01F4      		brne .L61
 686               	.LBE212:
 687               	.LBE211:
 688               	.LM118:
 689 0232 3196      		adiw r30,1
 690 0234 81EE      		ldi r24,lo8(-31)
 691 0236 60E0      		ldi r22,lo8(0)
 692 0238 AF01      		movw r20,r30
 693 023a 20E0      		ldi r18,lo8(0)
 694 023c 0E94 0000 		call nRF24L01P_ReadWrite_Register
 695               	.L61:
 696 0240 0895      		ret
 697               	.LFE25:
 699               	.global	nRF24L01P_Write_Data_To_Transmit_Buffer
 701               	nRF24L01P_Write_Data_To_Transmit_Buffer:
 702               	.LFB26:
 703               	.LM119:
 704               	.LVL45:
 705               	/* prologue: function */
 706               	/* frame size = 0 */
 707 0242 AC01      		movw r20,r24
 708               	.LBB215:
 709               	.LBB216:
 710               	.LM120:
 711 0244 E091 0000 		lds r30,nRF24L01P
 712 0248 F091 0000 		lds r31,(nRF24L01P)+1
 713 024c 8289      		ldd r24,Z+18
 714               	.LVL46:
 715 024e 8823      		tst r24
 716 0250 01F4      		brne .L64
 717               	.LBE216:
 718               	.LBE215:
 719               	.LM121:
 720 0252 80EA      		ldi r24,lo8(-96)
 721 0254 60E0      		ldi r22,lo8(0)
 722 0256 20E2      		ldi r18,lo8(32)
 723 0258 0E94 0000 		call nRF24L01P_ReadWrite_Register
 724               	.LVL47:
 725               	.L64:
 726 025c 0895      		ret
 727               	.LFE26:
 729               	.global	nRF24L01P_Transmit_Buffer_Empty
 731               	nRF24L01P_Transmit_Buffer_Empty:
 732               	.LFB27:
 733               	.LM122:
 734               	/* prologue: function */
 735               	/* frame size = 0 */
 736               	.LBB217:
 737               	.LBB218:
 738               	.LBB219:
 739               	.LBB220:
 740               	.LM123:
 741 025e E091 0000 		lds r30,nRF24L01P
 742 0262 F091 0000 		lds r31,(nRF24L01P)+1
 743               	.LBE220:
 744               	.LBE219:
 745               	.LM124:
 746 0266 8289      		ldd r24,Z+18
 747 0268 8823      		tst r24
 748 026a 01F0      		breq .L66
 749 026c 80E0      		ldi r24,lo8(0)
 750 026e 0895      		ret
 751               	.L66:
 752               	.LBE218:
 753               	.LBE217:
 754               	.LM125:
 755 0270 1182      		std Z+1,__zero_reg__
 756               	.LM126:
 757 0272 3196      		adiw r30,1
 758 0274 87E1      		ldi r24,lo8(23)
 759 0276 61E0      		ldi r22,lo8(1)
 760 0278 AF01      		movw r20,r30
 761 027a 21E0      		ldi r18,lo8(1)
 762 027c 0E94 0000 		call nRF24L01P_ReadWrite_Register
 763 0280 E091 0000 		lds r30,nRF24L01P
 764 0284 F091 0000 		lds r31,(nRF24L01P)+1
 765 0288 8181      		ldd r24,Z+1
 766 028a 90E0      		ldi r25,lo8(0)
 767 028c 64E0      		ldi r22,4
 768 028e 9695      	1:	lsr r25
 769 0290 8795      		ror r24
 770 0292 6A95      		dec r22
 771 0294 01F4      		brne 1b
 772 0296 8170      		andi r24,lo8(1)
 773               	.LM127:
 774 0298 0895      		ret
 775               	.LFE27:
 777               	.global	nRF24L01P_Wait_Till_Transmission_Completes
 779               	nRF24L01P_Wait_Till_Transmission_Completes:
 780               	.LFB28:
 781               	.LM128:
 782 029a CF93      		push r28
 783 029c DF93      		push r29
 784               	/* prologue: function */
 785               	/* frame size = 0 */
 786               	.LBB221:
 787               	.LBB222:
 788               	.LM129:
 789 029e E091 0000 		lds r30,nRF24L01P
 790 02a2 F091 0000 		lds r31,(nRF24L01P)+1
 791 02a6 8289      		ldd r24,Z+18
 792 02a8 8823      		tst r24
 793 02aa 01F0      		breq .L70
 794 02ac 00C0      		rjmp .L73
 795               	.L72:
 796               	.LBE222:
 797               	.LBE221:
 798               	.LBB223:
 799               	.LBB224:
 800               	.LBB225:
 801               	.LBB226:
 802               	.LBB227:
 803               	.LBB228:
 804               	.LM130:
 805 02ae CE01      		movw r24,r28
 806               	.LVL48:
 807               	/* #APP */
 808               	 ;  105 "c:/winavr-20100110/lib/gcc/../../avr/include/util/delay_basic.h" 1
 809 02b0 0197      		1: sbiw r24,1
 810 02b2 01F4      		brne 1b
 811               	 ;  0 "" 2
 812               	/* #NOAPP */
 813 02b4 00C0      		rjmp .L74
 814               	.LVL49:
 815               	.L70:
 816 02b6 C8EC      		ldi r28,lo8(200)
 817 02b8 D0E0      		ldi r29,hi8(200)
 818               	.LVL50:
 819               	.L74:
 820               	.LBE228:
 821               	.LBE227:
 822               	.LBE226:
 823               	.LBE225:
 824               	.LBE224:
 825               	.LBE223:
 826               	.LM131:
 827 02ba 0E94 0000 		call nRF24L01P_Transmit_Buffer_Empty
 828               	.LVL51:
 829 02be 8823      		tst r24
 830 02c0 01F0      		breq .L72
 831               	.L73:
 832               	/* epilogue start */
 833               	.LM132:
 834 02c2 DF91      		pop r29
 835 02c4 CF91      		pop r28
 836 02c6 0895      		ret
 837               	.LFE28:
 839               	.global	nRF24L01P_Flush_Receive_Buffer
 841               	nRF24L01P_Flush_Receive_Buffer:
 842               	.LFB29:
 843               	.LM133:
 844               	/* prologue: function */
 845               	/* frame size = 0 */
 846               	.LBB229:
 847               	.LBB230:
 848               	.LBB231:
 849               	.LBB232:
 850               	.LM134:
 851 02c8 E091 0000 		lds r30,nRF24L01P
 852 02cc F091 0000 		lds r31,(nRF24L01P)+1
 853               	.LBE232:
 854               	.LBE231:
 855               	.LM135:
 856 02d0 8289      		ldd r24,Z+18
 857 02d2 8823      		tst r24
 858 02d4 01F4      		brne .L77
 859               	.LBE230:
 860               	.LBE229:
 861               	.LM136:
 862 02d6 3196      		adiw r30,1
 863 02d8 82EE      		ldi r24,lo8(-30)
 864 02da 60E0      		ldi r22,lo8(0)
 865 02dc AF01      		movw r20,r30
 866 02de 20E0      		ldi r18,lo8(0)
 867 02e0 0E94 0000 		call nRF24L01P_ReadWrite_Register
 868               	.L77:
 869 02e4 0895      		ret
 870               	.LFE29:
 872               	.global	nRF24L01P_Read_Data_From_Receive_Buffer
 874               	nRF24L01P_Read_Data_From_Receive_Buffer:
 875               	.LFB30:
 876               	.LM137:
 877               	.LVL52:
 878               	/* prologue: function */
 879               	/* frame size = 0 */
 880 02e6 AC01      		movw r20,r24
 881               	.LBB233:
 882               	.LBB234:
 883               	.LM138:
 884 02e8 E091 0000 		lds r30,nRF24L01P
 885 02ec F091 0000 		lds r31,(nRF24L01P)+1
 886 02f0 8289      		ldd r24,Z+18
 887               	.LVL53:
 888 02f2 8823      		tst r24
 889 02f4 01F4      		brne .L80
 890               	.LBE234:
 891               	.LBE233:
 892               	.LM139:
 893 02f6 81E6      		ldi r24,lo8(97)
 894 02f8 61E0      		ldi r22,lo8(1)
 895 02fa 20E2      		ldi r18,lo8(32)
 896 02fc 0E94 0000 		call nRF24L01P_ReadWrite_Register
 897               	.LVL54:
 898               	.L80:
 899 0300 0895      		ret
 900               	.LFE30:
 902               	.global	nRF24L01P_Receive_Buffer_Not_Empty
 904               	nRF24L01P_Receive_Buffer_Not_Empty:
 905               	.LFB31:
 906               	.LM140:
 907               	/* prologue: function */
 908               	/* frame size = 0 */
 909               	.LBB235:
 910               	.LBB236:
 911               	.LBB237:
 912               	.LBB238:
 913               	.LM141:
 914 0302 E091 0000 		lds r30,nRF24L01P
 915 0306 F091 0000 		lds r31,(nRF24L01P)+1
 916               	.LBE238:
 917               	.LBE237:
 918               	.LM142:
 919 030a 8289      		ldd r24,Z+18
 920 030c 8823      		tst r24
 921 030e 01F0      		breq .L82
 922 0310 80E0      		ldi r24,lo8(0)
 923 0312 0895      		ret
 924               	.L82:
 925               	.LBE236:
 926               	.LBE235:
 927               	.LM143:
 928 0314 1182      		std Z+1,__zero_reg__
 929               	.LM144:
 930 0316 3196      		adiw r30,1
 931 0318 87E1      		ldi r24,lo8(23)
 932 031a 61E0      		ldi r22,lo8(1)
 933 031c AF01      		movw r20,r30
 934 031e 21E0      		ldi r18,lo8(1)
 935 0320 0E94 0000 		call nRF24L01P_ReadWrite_Register
 936 0324 E091 0000 		lds r30,nRF24L01P
 937 0328 F091 0000 		lds r31,(nRF24L01P)+1
 938 032c 8181      		ldd r24,Z+1
 939 032e 8095      		com r24
 940 0330 8170      		andi r24,lo8(1)
 941               	.LM145:
 942 0332 0895      		ret
 943               	.LFE31:
 945               	.global	nRF24L01P_Get_Mode
 947               	nRF24L01P_Get_Mode:
 948               	.LFB32:
 949               	.LM146:
 950               	/* prologue: function */
 951               	/* frame size = 0 */
 952               	.LBB239:
 953               	.LBB240:
 954               	.LBB241:
 955               	.LBB242:
 956               	.LM147:
 957 0334 E091 0000 		lds r30,nRF24L01P
 958 0338 F091 0000 		lds r31,(nRF24L01P)+1
 959               	.LBE242:
 960               	.LBE241:
 961               	.LM148:
 962 033c 8289      		ldd r24,Z+18
 963 033e 8823      		tst r24
 964 0340 01F0      		breq .L86
 965 0342 80E0      		ldi r24,lo8(0)
 966 0344 0895      		ret
 967               	.L86:
 968               	.LBE240:
 969               	.LBE239:
 970               	.LM149:
 971 0346 3196      		adiw r30,1
 972 0348 80E0      		ldi r24,lo8(0)
 973 034a 61E0      		ldi r22,lo8(1)
 974 034c AF01      		movw r20,r30
 975 034e 21E0      		ldi r18,lo8(1)
 976 0350 0E94 0000 		call nRF24L01P_ReadWrite_Register
 977               	.LM150:
 978 0354 E091 0000 		lds r30,nRF24L01P
 979 0358 F091 0000 		lds r31,(nRF24L01P)+1
 980 035c 8181      		ldd r24,Z+1
 981 035e 81FF      		sbrs r24,1
 982 0360 00C0      		rjmp .L88
 983               	.LM151:
 984 0362 80FF      		sbrs r24,0
 985 0364 00C0      		rjmp .L89
 986               	.LM152:
 987 0366 81E0      		ldi r24,lo8(1)
 988 0368 00C0      		rjmp .L91
 989               	.L89:
 990               	.LM153:
 991 036a 82E0      		ldi r24,lo8(2)
 992               	.L91:
 993 036c 8083      		st Z,r24
 994 036e 0895      		ret
 995               	.L88:
 996               	.LM154:
 997 0370 1082      		st Z,__zero_reg__
 998 0372 80E0      		ldi r24,lo8(0)
 999               	.LM155:
 1000 0374 0895      		ret
 1001               	.LFE32:
 1003               	.global	nRF24L01P_Set_Mode_Sleep
 1005               	nRF24L01P_Set_Mode_Sleep:
 1006               	.LFB33:
 1007               	.LM156:
 1008               	/* prologue: function */
 1009               	/* frame size = 0 */
 1010               	.LBB243:
 1011               	.LBB244:
 1012               	.LBB245:
 1013               	.LBB246:
 1014               	.LM157:
 1015 0376 E091 0000 		lds r30,nRF24L01P
 1016 037a F091 0000 		lds r31,(nRF24L01P)+1
 1017               	.LBE246:
 1018               	.LBE245:
 1019               	.LM158:
 1020 037e 8289      		ldd r24,Z+18
 1021 0380 8823      		tst r24
 1022 0382 01F4      		brne .L94
 1023               	.LBE244:
 1024               	.LBE243:
 1025               	.LM159:
 1026 0384 1182      		std Z+1,__zero_reg__
 1027               	.LM160:
 1028 0386 3196      		adiw r30,1
 1029 0388 60E0      		ldi r22,lo8(0)
 1030 038a AF01      		movw r20,r30
 1031 038c 21E0      		ldi r18,lo8(1)
 1032 038e 0E94 0000 		call nRF24L01P_ReadWrite_Register
 1033               	.LM161:
 1034 0392 E091 0000 		lds r30,nRF24L01P
 1035 0396 F091 0000 		lds r31,(nRF24L01P)+1
 1036 039a 1082      		st Z,__zero_reg__
 1037               	.L94:
 1038 039c 0895      		ret
 1039               	.LFE33:
 1041               	.global	nRF24L01P_Set_Mode_Tx
 1043               	nRF24L01P_Set_Mode_Tx:
 1044               	.LFB34:
 1045               	.LM162:
 1046               	/* prologue: function */
 1047               	/* frame size = 0 */
 1048               	.LBB247:
 1049               	.LBB248:
 1050               	.LBB249:
 1051               	.LBB250:
 1052               	.LM163:
 1053 039e E091 0000 		lds r30,nRF24L01P
 1054 03a2 F091 0000 		lds r31,(nRF24L01P)+1
 1055               	.LBE250:
 1056               	.LBE249:
 1057               	.LM164:
 1058 03a6 8289      		ldd r24,Z+18
 1059 03a8 8823      		tst r24
 1060 03aa 01F4      		brne .L97
 1061               	.LBE248:
 1062               	.LBE247:
 1063               	.LM165:
 1064 03ac 82E7      		ldi r24,lo8(114)
 1065 03ae 8183      		std Z+1,r24
 1066               	.LBB251:
 1067               	.LBB252:
 1068               	.LM166:
 1069 03b0 2998      		cbi 37-32,1
 1070               	.LBE252:
 1071               	.LBE251:
 1072               	.LM167:
 1073 03b2 3196      		adiw r30,1
 1074 03b4 80E0      		ldi r24,lo8(0)
 1075 03b6 60E0      		ldi r22,lo8(0)
 1076 03b8 AF01      		movw r20,r30
 1077 03ba 21E0      		ldi r18,lo8(1)
 1078 03bc 0E94 0000 		call nRF24L01P_ReadWrite_Register
 1079               	.LM168:
 1080 03c0 0E94 0000 		call nRF24L01P_Flush_Transmit_Buffer
 1081               	.LM169:
 1082 03c4 E091 0000 		lds r30,nRF24L01P
 1083 03c8 F091 0000 		lds r31,(nRF24L01P)+1
 1084 03cc 82E0      		ldi r24,lo8(2)
 1085 03ce 8083      		st Z,r24
 1086               	.L97:
 1087 03d0 0895      		ret
 1088               	.LFE34:
 1090               	.global	nRF24L01P_Set_Mode_Rx
 1092               	nRF24L01P_Set_Mode_Rx:
 1093               	.LFB35:
 1094               	.LM170:
 1095               	/* prologue: function */
 1096               	/* frame size = 0 */
 1097               	.LBB253:
 1098               	.LBB254:
 1099               	.LBB255:
 1100               	.LBB256:
 1101               	.LM171:
 1102 03d2 E091 0000 		lds r30,nRF24L01P
 1103 03d6 F091 0000 		lds r31,(nRF24L01P)+1
 1104               	.LBE256:
 1105               	.LBE255:
 1106               	.LM172:
 1107 03da 8289      		ldd r24,Z+18
 1108 03dc 8823      		tst r24
 1109 03de 01F4      		brne .L100
 1110               	.LBE254:
 1111               	.LBE253:
 1112               	.LM173:
 1113 03e0 83E7      		ldi r24,lo8(115)
 1114 03e2 8183      		std Z+1,r24
 1115               	.LBB257:
 1116               	.LBB258:
 1117               	.LM174:
 1118 03e4 299A      		sbi 37-32,1
 1119               	.LBE258:
 1120               	.LBE257:
 1121               	.LM175:
 1122 03e6 3196      		adiw r30,1
 1123 03e8 80E0      		ldi r24,lo8(0)
 1124 03ea 60E0      		ldi r22,lo8(0)
 1125 03ec AF01      		movw r20,r30
 1126 03ee 21E0      		ldi r18,lo8(1)
 1127 03f0 0E94 0000 		call nRF24L01P_ReadWrite_Register
 1128               	.LM176:
 1129 03f4 E091 0000 		lds r30,nRF24L01P
 1130 03f8 F091 0000 		lds r31,(nRF24L01P)+1
 1131 03fc 81E0      		ldi r24,lo8(1)
 1132 03fe 8083      		st Z,r24
 1133               	.L100:
 1134 0400 0895      		ret
 1135               	.LFE35:
 1137               	.global	nRF24L01P_ReadModifyWrite
 1139               	nRF24L01P_ReadModifyWrite:
 1140               	.LFB36:
 1141               	.LM177:
 1142               	.LVL55:
 1143 0402 FF92      		push r15
 1144 0404 0F93      		push r16
 1145 0406 1F93      		push r17
 1146               	/* prologue: function */
 1147               	/* frame size = 0 */
 1148 0408 F82E      		mov r15,r24
 1149 040a 162F      		mov r17,r22
 1150 040c 042F      		mov r16,r20
 1151               	.LBB259:
 1152               	.LBB260:
 1153               	.LBB261:
 1154               	.LBB262:
 1155               	.LM178:
 1156 040e E091 0000 		lds r30,nRF24L01P
 1157 0412 F091 0000 		lds r31,(nRF24L01P)+1
 1158               	.LBE262:
 1159               	.LBE261:
 1160               	.LM179:
 1161 0416 8289      		ldd r24,Z+18
 1162               	.LVL56:
 1163 0418 8823      		tst r24
 1164 041a 01F4      		brne .L105
 1165               	.LVL57:
 1166               	.LBE260:
 1167               	.LBE259:
 1168               	.LM180:
 1169 041c 3196      		adiw r30,1
 1170 041e 8F2D      		mov r24,r15
 1171 0420 61E0      		ldi r22,lo8(1)
 1172 0422 AF01      		movw r20,r30
 1173 0424 21E0      		ldi r18,lo8(1)
 1174 0426 0E94 0000 		call nRF24L01P_ReadWrite_Register
 1175 042a E091 0000 		lds r30,nRF24L01P
 1176 042e F091 0000 		lds r31,(nRF24L01P)+1
 1177               	.LM181:
 1178 0432 0023      		tst r16
 1179 0434 01F0      		breq .L103
 1180               	.LM182:
 1181 0436 81E0      		ldi r24,lo8(1)
 1182 0438 90E0      		ldi r25,hi8(1)
 1183 043a 00C0      		rjmp 2f
 1184 043c 880F      	1:	lsl r24
 1185 043e 991F      		rol r25
 1186 0440 1A95      	2:	dec r17
 1187 0442 02F4      		brpl 1b
 1188 0444 2181      		ldd r18,Z+1
 1189 0446 282B      		or r18,r24
 1190 0448 00C0      		rjmp .L106
 1191               	.L103:
 1192               	.LM183:
 1193 044a 81E0      		ldi r24,lo8(1)
 1194 044c 90E0      		ldi r25,hi8(1)
 1195 044e 00C0      		rjmp 2f
 1196 0450 880F      	1:	lsl r24
 1197 0452 991F      		rol r25
 1198 0454 1A95      	2:	dec r17
 1199 0456 02F4      		brpl 1b
 1200 0458 8095      		com r24
 1201 045a 2181      		ldd r18,Z+1
 1202 045c 2823      		and r18,r24
 1203               	.L106:
 1204 045e 2183      		std Z+1,r18
 1205               	.LM184:
 1206 0460 4091 0000 		lds r20,nRF24L01P
 1207 0464 5091 0000 		lds r21,(nRF24L01P)+1
 1208 0468 4F5F      		subi r20,lo8(-(1))
 1209 046a 5F4F      		sbci r21,hi8(-(1))
 1210 046c 8F2D      		mov r24,r15
 1211 046e 60E0      		ldi r22,lo8(0)
 1212 0470 21E0      		ldi r18,lo8(1)
 1213 0472 0E94 0000 		call nRF24L01P_ReadWrite_Register
 1214               	.LVL58:
 1215               	.L105:
 1216               	/* epilogue start */
 1217               	.LM185:
 1218 0476 1F91      		pop r17
 1219               	.LVL59:
 1220 0478 0F91      		pop r16
 1221               	.LVL60:
 1222 047a FF90      		pop r15
 1223               	.LVL61:
 1224 047c 0895      		ret
 1225               	.LFE36:
 1227               	.global	nRF24L01P_Get_Channel
 1229               	nRF24L01P_Get_Channel:
 1230               	.LFB37:
 1231               	.LM186:
 1232               	/* prologue: function */
 1233               	/* frame size = 0 */
 1234               	.LBB263:
 1235               	.LBB264:
 1236               	.LBB265:
 1237               	.LBB266:
 1238               	.LM187:
 1239 047e E091 0000 		lds r30,nRF24L01P
 1240 0482 F091 0000 		lds r31,(nRF24L01P)+1
 1241               	.LBE266:
 1242               	.LBE265:
 1243               	.LM188:
 1244 0486 8289      		ldd r24,Z+18
 1245 0488 8823      		tst r24
 1246 048a 01F0      		breq .L108
 1247 048c 80E0      		ldi r24,lo8(0)
 1248 048e 0895      		ret
 1249               	.L108:
 1250               	.LBE264:
 1251               	.LBE263:
 1252               	.LM189:
 1253 0490 3196      		adiw r30,1
 1254 0492 85E0      		ldi r24,lo8(5)
 1255 0494 61E0      		ldi r22,lo8(1)
 1256 0496 AF01      		movw r20,r30
 1257 0498 21E0      		ldi r18,lo8(1)
 1258 049a 0E94 0000 		call nRF24L01P_ReadWrite_Register
 1259               	.LM190:
 1260 049e E091 0000 		lds r30,nRF24L01P
 1261 04a2 F091 0000 		lds r31,(nRF24L01P)+1
 1262 04a6 8181      		ldd r24,Z+1
 1263               	.LM191:
 1264 04a8 0895      		ret
 1265               	.LFE37:
 1267               	.global	nRF24L01P_Set_Channel
 1269               	nRF24L01P_Set_Channel:
 1270               	.LFB38:
 1271               	.LM192:
 1272               	.LVL62:
 1273               	/* prologue: function */
 1274               	/* frame size = 0 */
 1275 04aa 982F      		mov r25,r24
 1276               	.LBB267:
 1277               	.LBB268:
 1278               	.LBB269:
 1279               	.LBB270:
 1280               	.LM193:
 1281 04ac E091 0000 		lds r30,nRF24L01P
 1282 04b0 F091 0000 		lds r31,(nRF24L01P)+1
 1283               	.LBE270:
 1284               	.LBE269:
 1285               	.LM194:
 1286 04b4 8289      		ldd r24,Z+18
 1287               	.LVL63:
 1288 04b6 8823      		tst r24
 1289 04b8 01F4      		brne .L114
 1290               	.LBE268:
 1291               	.LBE267:
 1292               	.LM195:
 1293 04ba 892F      		mov r24,r25
 1294 04bc 9E37      		cpi r25,lo8(126)
 1295 04be 00F0      		brlo .L113
 1296 04c0 8DE7      		ldi r24,lo8(125)
 1297               	.LVL64:
 1298               	.L113:
 1299 04c2 8183      		std Z+1,r24
 1300               	.LM196:
 1301 04c4 3196      		adiw r30,1
 1302 04c6 85E0      		ldi r24,lo8(5)
 1303               	.LVL65:
 1304 04c8 60E0      		ldi r22,lo8(0)
 1305 04ca AF01      		movw r20,r30
 1306 04cc 21E0      		ldi r18,lo8(1)
 1307 04ce 0E94 0000 		call nRF24L01P_ReadWrite_Register
 1308               	.LVL66:
 1309               	.L114:
 1310 04d2 0895      		ret
 1311               	.LFE38:
 1313               	.global	nRF24L01P_Get_Speed
 1315               	nRF24L01P_Get_Speed:
 1316               	.LFB39:
 1317               	.LM197:
 1318               	/* prologue: function */
 1319               	/* frame size = 0 */
 1320               	.LBB271:
 1321               	.LBB272:
 1322               	.LBB273:
 1323               	.LBB274:
 1324               	.LM198:
 1325 04d4 E091 0000 		lds r30,nRF24L01P
 1326 04d8 F091 0000 		lds r31,(nRF24L01P)+1
 1327               	.LBE274:
 1328               	.LBE273:
 1329               	.LM199:
 1330 04dc 8289      		ldd r24,Z+18
 1331 04de 8823      		tst r24
 1332 04e0 01F0      		breq .L116
 1333 04e2 80E0      		ldi r24,lo8(0)
 1334 04e4 0895      		ret
 1335               	.L116:
 1336               	.LBE272:
 1337               	.LBE271:
 1338               	.LM200:
 1339 04e6 3196      		adiw r30,1
 1340 04e8 86E0      		ldi r24,lo8(6)
 1341 04ea 61E0      		ldi r22,lo8(1)
 1342 04ec AF01      		movw r20,r30
 1343 04ee 21E0      		ldi r18,lo8(1)
 1344 04f0 0E94 0000 		call nRF24L01P_ReadWrite_Register
 1345               	.LM201:
 1346 04f4 E091 0000 		lds r30,nRF24L01P
 1347 04f8 F091 0000 		lds r31,(nRF24L01P)+1
 1348 04fc 9181      		ldd r25,Z+1
 1349 04fe 9695      		lsr r25
 1350 0500 9695      		lsr r25
 1351 0502 9695      		lsr r25
 1352               	.LM202:
 1353 0504 892F      		mov r24,r25
 1354 0506 8695      		lsr r24
 1355 0508 8270      		andi r24,lo8(2)
 1356 050a 8183      		std Z+1,r24
 1357               	.LM203:
 1358 050c 9170      		andi r25,lo8(1)
 1359               	.LM204:
 1360 050e 892B      		or r24,r25
 1361 0510 8283      		std Z+2,r24
 1362               	.LM205:
 1363 0512 8230      		cpi r24,lo8(2)
 1364 0514 01F4      		brne .L118
 1365               	.LM206:
 1366 0516 1182      		std Z+1,__zero_reg__
 1367 0518 00C0      		rjmp .L119
 1368               	.L118:
 1369               	.LM207:
 1370 051a 8130      		cpi r24,lo8(1)
 1371 051c 01F0      		breq .L122
 1372               	.L120:
 1373               	.LM208:
 1374 051e 8823      		tst r24
 1375 0520 01F4      		brne .L119
 1376               	.LM209:
 1377 0522 82E0      		ldi r24,lo8(2)
 1378               	.L122:
 1379 0524 8183      		std Z+1,r24
 1380               	.L119:
 1381               	.LM210:
 1382 0526 8181      		ldd r24,Z+1
 1383               	.LM211:
 1384 0528 0895      		ret
 1385               	.LFE39:
 1387               	.global	nRF24L01P_Set_Speed
 1389               	nRF24L01P_Set_Speed:
 1390               	.LFB40:
 1391               	.LM212:
 1392               	.LVL67:
 1393               	/* prologue: function */
 1394               	/* frame size = 0 */
 1395 052a 982F      		mov r25,r24
 1396               	.LBB275:
 1397               	.LBB276:
 1398               	.LM213:
 1399 052c E091 0000 		lds r30,nRF24L01P
 1400 0530 F091 0000 		lds r31,(nRF24L01P)+1
 1401 0534 8289      		ldd r24,Z+18
 1402               	.LVL68:
 1403 0536 8823      		tst r24
 1404 0538 01F4      		brne .L128
 1405               	.LBE276:
 1406               	.LBE275:
 1407               	.LM214:
 1408 053a 9923      		tst r25
 1409 053c 01F4      		brne .L125
 1410               	.LM215:
 1411 053e 86E0      		ldi r24,lo8(6)
 1412 0540 65E0      		ldi r22,lo8(5)
 1413 0542 41E0      		ldi r20,lo8(1)
 1414 0544 00C0      		rjmp .L130
 1415               	.L125:
 1416               	.LM216:
 1417 0546 9130      		cpi r25,lo8(1)
 1418 0548 01F4      		brne .L126
 1419               	.LM217:
 1420 054a 86E0      		ldi r24,lo8(6)
 1421 054c 65E0      		ldi r22,lo8(5)
 1422 054e 40E0      		ldi r20,lo8(0)
 1423               	.L130:
 1424 0550 0E94 0000 		call nRF24L01P_ReadModifyWrite
 1425               	.LVL69:
 1426               	.LM218:
 1427 0554 86E0      		ldi r24,lo8(6)
 1428 0556 63E0      		ldi r22,lo8(3)
 1429 0558 40E0      		ldi r20,lo8(0)
 1430 055a 00C0      		rjmp .L129
 1431               	.LVL70:
 1432               	.L126:
 1433               	.LM219:
 1434 055c 9230      		cpi r25,lo8(2)
 1435 055e 01F4      		brne .L127
 1436               	.LM220:
 1437 0560 86E0      		ldi r24,lo8(6)
 1438 0562 65E0      		ldi r22,lo8(5)
 1439 0564 40E0      		ldi r20,lo8(0)
 1440 0566 0E94 0000 		call nRF24L01P_ReadModifyWrite
 1441               	.LVL71:
 1442               	.LM221:
 1443 056a 86E0      		ldi r24,lo8(6)
 1444 056c 63E0      		ldi r22,lo8(3)
 1445 056e 41E0      		ldi r20,lo8(1)
 1446               	.L129:
 1447 0570 0E94 0000 		call nRF24L01P_ReadModifyWrite
 1448 0574 0895      		ret
 1449               	.LVL72:
 1450               	.L127:
 1451               	.LM222:
 1452 0576 86E0      		ldi r24,lo8(6)
 1453 0578 65E0      		ldi r22,lo8(5)
 1454 057a 40E0      		ldi r20,lo8(0)
 1455 057c 0E94 0000 		call nRF24L01P_ReadModifyWrite
 1456               	.LVL73:
 1457               	.LM223:
 1458 0580 86E0      		ldi r24,lo8(6)
 1459 0582 63E0      		ldi r22,lo8(3)
 1460 0584 41E0      		ldi r20,lo8(1)
 1461 0586 0E94 0000 		call nRF24L01P_ReadModifyWrite
 1462               	.LVL74:
 1463               	.L128:
 1464 058a 0895      		ret
 1465               	.LFE40:
 1467               	.global	nRF24L01P_Get_Tx_Power
 1469               	nRF24L01P_Get_Tx_Power:
 1470               	.LFB41:
 1471               	.LM224:
 1472               	/* prologue: function */
 1473               	/* frame size = 0 */
 1474               	.LBB277:
 1475               	.LBB278:
 1476               	.LBB279:
 1477               	.LBB280:
 1478               	.LM225:
 1479 058c E091 0000 		lds r30,nRF24L01P
 1480 0590 F091 0000 		lds r31,(nRF24L01P)+1
 1481               	.LBE280:
 1482               	.LBE279:
 1483               	.LM226:
 1484 0594 8289      		ldd r24,Z+18
 1485 0596 8823      		tst r24
 1486 0598 01F0      		breq .L132
 1487 059a 80E0      		ldi r24,lo8(0)
 1488 059c 0895      		ret
 1489               	.L132:
 1490               	.LBE278:
 1491               	.LBE277:
 1492               	.LM227:
 1493 059e 3196      		adiw r30,1
 1494 05a0 86E0      		ldi r24,lo8(6)
 1495 05a2 61E0      		ldi r22,lo8(1)
 1496 05a4 AF01      		movw r20,r30
 1497 05a6 21E0      		ldi r18,lo8(1)
 1498 05a8 0E94 0000 		call nRF24L01P_ReadWrite_Register
 1499               	.LM228:
 1500 05ac E091 0000 		lds r30,nRF24L01P
 1501 05b0 F091 0000 		lds r31,(nRF24L01P)+1
 1502               	.LM229:
 1503 05b4 8181      		ldd r24,Z+1
 1504 05b6 8695      		lsr r24
 1505 05b8 8370      		andi r24,lo8(3)
 1506 05ba 8183      		std Z+1,r24
 1507               	.LM230:
 1508 05bc 0895      		ret
 1509               	.LFE41:
 1511               	.global	nRF24L01P_Set_Tx_Power
 1513               	nRF24L01P_Set_Tx_Power:
 1514               	.LFB42:
 1515               	.LM231:
 1516               	.LVL75:
 1517               	/* prologue: function */
 1518               	/* frame size = 0 */
 1519 05be 982F      		mov r25,r24
 1520               	.LBB281:
 1521               	.LBB282:
 1522               	.LM232:
 1523 05c0 E091 0000 		lds r30,nRF24L01P
 1524 05c4 F091 0000 		lds r31,(nRF24L01P)+1
 1525 05c8 8289      		ldd r24,Z+18
 1526               	.LVL76:
 1527 05ca 8823      		tst r24
 1528 05cc 01F4      		brne .L141
 1529               	.LBE282:
 1530               	.LBE281:
 1531               	.LM233:
 1532 05ce 9923      		tst r25
 1533 05d0 01F4      		brne .L137
 1534               	.LM234:
 1535 05d2 86E0      		ldi r24,lo8(6)
 1536 05d4 62E0      		ldi r22,lo8(2)
 1537 05d6 40E0      		ldi r20,lo8(0)
 1538 05d8 00C0      		rjmp .L143
 1539               	.L137:
 1540               	.LM235:
 1541 05da 9130      		cpi r25,lo8(1)
 1542 05dc 01F4      		brne .L138
 1543               	.LM236:
 1544 05de 86E0      		ldi r24,lo8(6)
 1545 05e0 62E0      		ldi r22,lo8(2)
 1546 05e2 40E0      		ldi r20,lo8(0)
 1547 05e4 00C0      		rjmp .L144
 1548               	.L138:
 1549               	.LM237:
 1550 05e6 9230      		cpi r25,lo8(2)
 1551 05e8 01F4      		brne .L139
 1552               	.LM238:
 1553 05ea 86E0      		ldi r24,lo8(6)
 1554 05ec 62E0      		ldi r22,lo8(2)
 1555 05ee 41E0      		ldi r20,lo8(1)
 1556               	.L143:
 1557 05f0 0E94 0000 		call nRF24L01P_ReadModifyWrite
 1558               	.LVL77:
 1559               	.LM239:
 1560 05f4 86E0      		ldi r24,lo8(6)
 1561 05f6 61E0      		ldi r22,lo8(1)
 1562 05f8 40E0      		ldi r20,lo8(0)
 1563 05fa 00C0      		rjmp .L142
 1564               	.LVL78:
 1565               	.L139:
 1566               	.LM240:
 1567 05fc 9330      		cpi r25,lo8(3)
 1568 05fe 01F4      		brne .L140
 1569               	.LM241:
 1570 0600 86E0      		ldi r24,lo8(6)
 1571 0602 62E0      		ldi r22,lo8(2)
 1572 0604 41E0      		ldi r20,lo8(1)
 1573               	.L144:
 1574 0606 0E94 0000 		call nRF24L01P_ReadModifyWrite
 1575               	.LVL79:
 1576               	.LM242:
 1577 060a 86E0      		ldi r24,lo8(6)
 1578 060c 61E0      		ldi r22,lo8(1)
 1579 060e 41E0      		ldi r20,lo8(1)
 1580               	.L142:
 1581 0610 0E94 0000 		call nRF24L01P_ReadModifyWrite
 1582 0614 0895      		ret
 1583               	.LVL80:
 1584               	.L140:
 1585               	.LM243:
 1586 0616 86E0      		ldi r24,lo8(6)
 1587 0618 62E0      		ldi r22,lo8(2)
 1588 061a 41E0      		ldi r20,lo8(1)
 1589 061c 0E94 0000 		call nRF24L01P_ReadModifyWrite
 1590               	.LVL81:
 1591               	.LM244:
 1592 0620 86E0      		ldi r24,lo8(6)
 1593 0622 61E0      		ldi r22,lo8(1)
 1594 0624 41E0      		ldi r20,lo8(1)
 1595 0626 0E94 0000 		call nRF24L01P_ReadModifyWrite
 1596               	.LVL82:
 1597               	.L141:
 1598 062a 0895      		ret
 1599               	.LFE42:
 1601               	.global	nRF24L01P_Set_Own_Address
 1603               	nRF24L01P_Set_Own_Address:
 1604               	.LFB43:
 1605               	.LM245:
 1606               	.LVL83:
 1607               	/* prologue: function */
 1608               	/* frame size = 0 */
 1609               	.LM246:
 1610 062c E091 0000 		lds r30,nRF24L01P
 1611 0630 F091 0000 		lds r31,(nRF24L01P)+1
 1612 0634 8383      		std Z+3,r24
 1613               	/* epilogue start */
 1614               	.LM247:
 1615 0636 0895      		ret
 1616               	.LFE43:
 1618               	.global	nRF24L01P_Set_Destination_Address
 1620               	nRF24L01P_Set_Destination_Address:
 1621               	.LFB44:
 1622               	.LM248:
 1623               	.LVL84:
 1624               	/* prologue: function */
 1625               	/* frame size = 0 */
 1626               	.LM249:
 1627 0638 E091 0000 		lds r30,nRF24L01P
 1628 063c F091 0000 		lds r31,(nRF24L01P)+1
 1629 0640 8483      		std Z+4,r24
 1630               	/* epilogue start */
 1631               	.LM250:
 1632 0642 0895      		ret
 1633               	.LFE44:
 1635               	.global	nRF24L01P_Set_Receive_Timeout
 1637               	nRF24L01P_Set_Receive_Timeout:
 1638               	.LFB45:
 1639               	.LM251:
 1640               	.LVL85:
 1641               	/* prologue: function */
 1642               	/* frame size = 0 */
 1643               	.LM252:
 1644 0644 E091 0000 		lds r30,nRF24L01P
 1645 0648 F091 0000 		lds r31,(nRF24L01P)+1
 1646 064c 9683      		std Z+6,r25
 1647 064e 8583      		std Z+5,r24
 1648               	/* epilogue start */
 1649               	.LM253:
 1650 0650 0895      		ret
 1651               	.LFE45:
 1653               	.global	nRF24L01P_Set_MaxRetransmission
 1655               	nRF24L01P_Set_MaxRetransmission:
 1656               	.LFB46:
 1657               	.LM254:
 1658               	.LVL86:
 1659               	/* prologue: function */
 1660               	/* frame size = 0 */
 1661               	.LM255:
 1662 0652 E091 0000 		lds r30,nRF24L01P
 1663 0656 F091 0000 		lds r31,(nRF24L01P)+1
 1664 065a 9387      		std Z+11,r25
 1665 065c 8287      		std Z+10,r24
 1666               	/* epilogue start */
 1667               	.LM256:
 1668 065e 0895      		ret
 1669               	.LFE46:
 1671               	.global	nRF24L01P_Deep_Sleep
 1673               	nRF24L01P_Deep_Sleep:
 1674               	.LFB47:
 1675               	.LM257:
 1676               	/* prologue: function */
 1677               	/* frame size = 0 */
 1678               	.LM258:
 1679 0660 E091 0000 		lds r30,nRF24L01P
 1680 0664 F091 0000 		lds r31,(nRF24L01P)+1
 1681 0668 8081      		ld r24,Z
 1682 066a 8823      		tst r24
 1683 066c 01F0      		breq .L155
 1684               	.LM259:
 1685 066e 0E94 0000 		call nRF24L01P_Set_Mode_Sleep
 1686               	.LM260:
 1687 0672 0E94 0000 		call nRF24L01P_Disable
 1688               	.L155:
 1689 0676 0895      		ret
 1690               	.LFE47:
 1692               	.global	nRF24L01P_WakeUp
 1694               	nRF24L01P_WakeUp:
 1695               	.LFB48:
 1696               	.LM261:
 1697               	/* prologue: function */
 1698               	/* frame size = 0 */
 1699               	.LM262:
 1700 0678 E091 0000 		lds r30,nRF24L01P
 1701 067c F091 0000 		lds r31,(nRF24L01P)+1
 1702 0680 8081      		ld r24,Z
 1703 0682 8823      		tst r24
 1704 0684 01F4      		brne .L158
 1705               	.LM263:
 1706 0686 0E94 0000 		call nRF24L01P_Enable
 1707               	.LM264:
 1708 068a 0E94 0000 		call nRF24L01P_Set_Mode_Rx
 1709               	.L158:
 1710 068e 0895      		ret
 1711               	.LFE48:
 1713               		.data
 1714               	.LC0:
 1715 0000 4143 4B30 		.string	"ACK00"
 1715      3000 
 1716               	.LC1:
 1717 0006 5049 5045 		.string	"PIPE1"
 1717      3100 
 1718               	.LC2:
 1719 000c 5049 5045 		.string	"PIPE2"
 1719      3200 
 1720               	.LC3:
 1721 0012 5049 5045 		.string	"PIPE3"
 1721      3300 
 1722               	.LC4:
 1723 0018 5049 5045 		.string	"PIPE4"
 1723      3400 
 1724               	.LC5:
 1725 001e 5049 5045 		.string	"PIPE5"
 1725      3500 
 1726               		.text
 1727               	.global	nRF24L01P_Init
 1729               	nRF24L01P_Init:
 1730               	.LFB49:
 1731               	.LM265:
 1732 0690 0F93      		push r16
 1733 0692 1F93      		push r17
 1734               	/* prologue: function */
 1735               	/* frame size = 0 */
 1736               	.LM266:
 1737 0694 0E94 0000 		call nRF24L01P_Struct_Init
 1738               	.LM267:
 1739 0698 0E94 0000 		call nRF24L01P_Enable
 1740               	.LM268:
 1741 069c E091 0000 		lds r30,nRF24L01P
 1742 06a0 F091 0000 		lds r31,(nRF24L01P)+1
 1743 06a4 1182      		std Z+1,__zero_reg__
 1744 06a6 3196      		adiw r30,1
 1745 06a8 80E0      		ldi r24,lo8(0)
 1746 06aa 60E0      		ldi r22,lo8(0)
 1747 06ac AF01      		movw r20,r30
 1748 06ae 21E0      		ldi r18,lo8(1)
 1749 06b0 0E94 0000 		call nRF24L01P_ReadWrite_Register
 1750               	.LM269:
 1751 06b4 E091 0000 		lds r30,nRF24L01P
 1752 06b8 F091 0000 		lds r31,(nRF24L01P)+1
 1753 06bc 1182      		std Z+1,__zero_reg__
 1754 06be 3196      		adiw r30,1
 1755 06c0 81E0      		ldi r24,lo8(1)
 1756 06c2 60E0      		ldi r22,lo8(0)
 1757 06c4 AF01      		movw r20,r30
 1758 06c6 21E0      		ldi r18,lo8(1)
 1759 06c8 0E94 0000 		call nRF24L01P_ReadWrite_Register
 1760               	.LM270:
 1761 06cc E091 0000 		lds r30,nRF24L01P
 1762 06d0 F091 0000 		lds r31,(nRF24L01P)+1
 1763 06d4 83E0      		ldi r24,lo8(3)
 1764 06d6 8183      		std Z+1,r24
 1765 06d8 3196      		adiw r30,1
 1766 06da 82E0      		ldi r24,lo8(2)
 1767 06dc 60E0      		ldi r22,lo8(0)
 1768 06de AF01      		movw r20,r30
 1769 06e0 21E0      		ldi r18,lo8(1)
 1770 06e2 0E94 0000 		call nRF24L01P_ReadWrite_Register
 1771               	.LM271:
 1772 06e6 E091 0000 		lds r30,nRF24L01P
 1773 06ea F091 0000 		lds r31,(nRF24L01P)+1
 1774 06ee 81E0      		ldi r24,lo8(1)
 1775 06f0 8183      		std Z+1,r24
 1776 06f2 3196      		adiw r30,1
 1777 06f4 83E0      		ldi r24,lo8(3)
 1778 06f6 60E0      		ldi r22,lo8(0)
 1779 06f8 AF01      		movw r20,r30
 1780 06fa 21E0      		ldi r18,lo8(1)
 1781 06fc 0E94 0000 		call nRF24L01P_ReadWrite_Register
 1782               	.LM272:
 1783 0700 E091 0000 		lds r30,nRF24L01P
 1784 0704 F091 0000 		lds r31,(nRF24L01P)+1
 1785 0708 1182      		std Z+1,__zero_reg__
 1786 070a 3196      		adiw r30,1
 1787 070c 84E0      		ldi r24,lo8(4)
 1788 070e 60E0      		ldi r22,lo8(0)
 1789 0710 AF01      		movw r20,r30
 1790 0712 21E0      		ldi r18,lo8(1)
 1791 0714 0E94 0000 		call nRF24L01P_ReadWrite_Register
 1792               	.LM273:
 1793 0718 E091 0000 		lds r30,nRF24L01P
 1794 071c F091 0000 		lds r31,(nRF24L01P)+1
 1795 0720 82E0      		ldi r24,lo8(2)
 1796 0722 8183      		std Z+1,r24
 1797 0724 3196      		adiw r30,1
 1798 0726 85E0      		ldi r24,lo8(5)
 1799 0728 60E0      		ldi r22,lo8(0)
 1800 072a AF01      		movw r20,r30
 1801 072c 21E0      		ldi r18,lo8(1)
 1802 072e 0E94 0000 		call nRF24L01P_ReadWrite_Register
 1803               	.LM274:
 1804 0732 E091 0000 		lds r30,nRF24L01P
 1805 0736 F091 0000 		lds r31,(nRF24L01P)+1
 1806 073a 86E2      		ldi r24,lo8(38)
 1807 073c 8183      		std Z+1,r24
 1808 073e 3196      		adiw r30,1
 1809 0740 86E0      		ldi r24,lo8(6)
 1810 0742 60E0      		ldi r22,lo8(0)
 1811 0744 AF01      		movw r20,r30
 1812 0746 21E0      		ldi r18,lo8(1)
 1813 0748 0E94 0000 		call nRF24L01P_ReadWrite_Register
 1814               	.LM275:
 1815 074c E091 0000 		lds r30,nRF24L01P
 1816 0750 F091 0000 		lds r31,(nRF24L01P)+1
 1817 0754 80E7      		ldi r24,lo8(112)
 1818 0756 8183      		std Z+1,r24
 1819 0758 3196      		adiw r30,1
 1820 075a 87E0      		ldi r24,lo8(7)
 1821 075c 60E0      		ldi r22,lo8(0)
 1822 075e AF01      		movw r20,r30
 1823 0760 21E0      		ldi r18,lo8(1)
 1824 0762 0E94 0000 		call nRF24L01P_ReadWrite_Register
 1825               	.LM276:
 1826 0766 E091 0000 		lds r30,nRF24L01P
 1827 076a F091 0000 		lds r31,(nRF24L01P)+1
 1828 076e 10E2      		ldi r17,lo8(32)
 1829 0770 1183      		std Z+1,r17
 1830               	.LM277:
 1831 0772 3196      		adiw r30,1
 1832 0774 81E1      		ldi r24,lo8(17)
 1833 0776 60E0      		ldi r22,lo8(0)
 1834 0778 AF01      		movw r20,r30
 1835 077a 21E0      		ldi r18,lo8(1)
 1836 077c 0E94 0000 		call nRF24L01P_ReadWrite_Register
 1837               	.LM278:
 1838 0780 E091 0000 		lds r30,nRF24L01P
 1839 0784 F091 0000 		lds r31,(nRF24L01P)+1
 1840 0788 1183      		std Z+1,r17
 1841               	.LM279:
 1842 078a 3196      		adiw r30,1
 1843 078c 82E1      		ldi r24,lo8(18)
 1844 078e 60E0      		ldi r22,lo8(0)
 1845 0790 AF01      		movw r20,r30
 1846 0792 21E0      		ldi r18,lo8(1)
 1847 0794 0E94 0000 		call nRF24L01P_ReadWrite_Register
 1848               	.LM280:
 1849 0798 E091 0000 		lds r30,nRF24L01P
 1850 079c F091 0000 		lds r31,(nRF24L01P)+1
 1851 07a0 1182      		std Z+1,__zero_reg__
 1852 07a2 3196      		adiw r30,1
 1853 07a4 8CE1      		ldi r24,lo8(28)
 1854 07a6 60E0      		ldi r22,lo8(0)
 1855 07a8 AF01      		movw r20,r30
 1856 07aa 21E0      		ldi r18,lo8(1)
 1857 07ac 0E94 0000 		call nRF24L01P_ReadWrite_Register
 1858               	.LM281:
 1859 07b0 E091 0000 		lds r30,nRF24L01P
 1860 07b4 F091 0000 		lds r31,(nRF24L01P)+1
 1861 07b8 1182      		std Z+1,__zero_reg__
 1862 07ba 3196      		adiw r30,1
 1863 07bc 8DE1      		ldi r24,lo8(29)
 1864 07be 60E0      		ldi r22,lo8(0)
 1865 07c0 AF01      		movw r20,r30
 1866 07c2 21E0      		ldi r18,lo8(1)
 1867 07c4 0E94 0000 		call nRF24L01P_ReadWrite_Register
 1868               	.LM282:
 1869 07c8 00E0      		ldi r16,lo8(.LC0)
 1870 07ca 10E0      		ldi r17,hi8(.LC0)
 1871 07cc 80E1      		ldi r24,lo8(16)
 1872 07ce 60E0      		ldi r22,lo8(0)
 1873 07d0 A801      		movw r20,r16
 1874 07d2 25E0      		ldi r18,lo8(5)
 1875 07d4 0E94 0000 		call nRF24L01P_ReadWrite_Register
 1876               	.LM283:
 1877 07d8 8AE0      		ldi r24,lo8(10)
 1878 07da 60E0      		ldi r22,lo8(0)
 1879 07dc A801      		movw r20,r16
 1880 07de 25E0      		ldi r18,lo8(5)
 1881 07e0 0E94 0000 		call nRF24L01P_ReadWrite_Register
 1882               	.LM284:
 1883 07e4 8BE0      		ldi r24,lo8(11)
 1884 07e6 60E0      		ldi r22,lo8(0)
 1885 07e8 40E0      		ldi r20,lo8(.LC1)
 1886 07ea 50E0      		ldi r21,hi8(.LC1)
 1887 07ec 25E0      		ldi r18,lo8(5)
 1888 07ee 0E94 0000 		call nRF24L01P_ReadWrite_Register
 1889               	.LM285:
 1890 07f2 8CE0      		ldi r24,lo8(12)
 1891 07f4 60E0      		ldi r22,lo8(0)
 1892 07f6 40E0      		ldi r20,lo8(.LC2)
 1893 07f8 50E0      		ldi r21,hi8(.LC2)
 1894 07fa 25E0      		ldi r18,lo8(5)
 1895 07fc 0E94 0000 		call nRF24L01P_ReadWrite_Register
 1896               	.LM286:
 1897 0800 8DE0      		ldi r24,lo8(13)
 1898 0802 60E0      		ldi r22,lo8(0)
 1899 0804 40E0      		ldi r20,lo8(.LC3)
 1900 0806 50E0      		ldi r21,hi8(.LC3)
 1901 0808 25E0      		ldi r18,lo8(5)
 1902 080a 0E94 0000 		call nRF24L01P_ReadWrite_Register
 1903               	.LM287:
 1904 080e 8EE0      		ldi r24,lo8(14)
 1905 0810 60E0      		ldi r22,lo8(0)
 1906 0812 40E0      		ldi r20,lo8(.LC4)
 1907 0814 50E0      		ldi r21,hi8(.LC4)
 1908 0816 25E0      		ldi r18,lo8(5)
 1909 0818 0E94 0000 		call nRF24L01P_ReadWrite_Register
 1910               	.LM288:
 1911 081c 8FE0      		ldi r24,lo8(15)
 1912 081e 60E0      		ldi r22,lo8(0)
 1913 0820 40E0      		ldi r20,lo8(.LC5)
 1914 0822 50E0      		ldi r21,hi8(.LC5)
 1915 0824 25E0      		ldi r18,lo8(5)
 1916 0826 0E94 0000 		call nRF24L01P_ReadWrite_Register
 1917               	.LBB283:
 1918               	.LBB284:
 1919               	.LM289:
 1920 082a E091 0000 		lds r30,nRF24L01P
 1921 082e F091 0000 		lds r31,(nRF24L01P)+1
 1922 0832 80E2      		ldi r24,lo8(32)
 1923 0834 90E0      		ldi r25,hi8(32)
 1924 0836 9683      		std Z+6,r25
 1925 0838 8583      		std Z+5,r24
 1926               	.LBE284:
 1927               	.LBE283:
 1928               	.LM290:
 1929 083a 0E94 0000 		call nRF24L01P_Set_Mode_Sleep
 1930               	/* epilogue start */
 1931               	.LM291:
 1932 083e 1F91      		pop r17
 1933 0840 0F91      		pop r16
 1934 0842 0895      		ret
 1935               	.LFE49:
 1937               	.global	nRF24L01P_Transmit_Basic
 1939               	nRF24L01P_Transmit_Basic:
 1940               	.LFB50:
 1941               	.LM292:
 1942               	.LVL87:
 1943 0844 FF92      		push r15
 1944 0846 0F93      		push r16
 1945 0848 1F93      		push r17
 1946               	/* prologue: function */
 1947               	/* frame size = 0 */
 1948 084a 8C01      		movw r16,r24
 1949 084c F62E      		mov r15,r22
 1950               	.LBB285:
 1951               	.LBB286:
 1952               	.LM293:
 1953 084e E091 0000 		lds r30,nRF24L01P
 1954 0852 F091 0000 		lds r31,(nRF24L01P)+1
 1955 0856 118A      		std Z+17,__zero_reg__
 1956 0858 108A      		std Z+16,__zero_reg__
 1957               	.LM294:
 1958 085a 128A      		std Z+18,__zero_reg__
 1959               	.LBE286:
 1960               	.LBE285:
 1961               	.LM295:
 1962 085c 0E94 0000 		call nRF24L01P_Set_Mode_Tx
 1963               	.LVL88:
 1964               	.LM296:
 1965 0860 E091 0000 		lds r30,nRF24L01P
 1966 0864 F091 0000 		lds r31,(nRF24L01P)+1
 1967 0868 8381      		ldd r24,Z+3
 1968 086a F801      		movw r30,r16
 1969 086c 838F      		std Z+27,r24
 1970               	.LM297:
 1971 086e E091 0000 		lds r30,nRF24L01P
 1972 0872 F091 0000 		lds r31,(nRF24L01P)+1
 1973 0876 8481      		ldd r24,Z+4
 1974 0878 F801      		movw r30,r16
 1975 087a 848F      		std Z+28,r24
 1976               	.LM298:
 1977 087c F58E      		std Z+29,r15
 1978               	.LM299:
 1979 087e C801      		movw r24,r16
 1980 0880 6EE1      		ldi r22,lo8(30)
 1981 0882 0E94 0000 		call nRF24L01P_Calcuate_CRC_Block
 1982               	.LM300:
 1983 0886 F801      		movw r30,r16
 1984 0888 968F      		std Z+30,r25
 1985               	.LM301:
 1986 088a 878F      		std Z+31,r24
 1987               	.LM302:
 1988 088c C801      		movw r24,r16
 1989 088e 0E94 0000 		call nRF24L01P_Write_Data_To_Transmit_Buffer
 1990               	.LBB287:
 1991               	.LBB288:
 1992               	.LM303:
 1993 0892 299A      		sbi 37-32,1
 1994               	.LBE288:
 1995               	.LBE287:
 1996               	.LM304:
 1997 0894 0E94 0000 		call nRF24L01P_Wait_Till_Transmission_Completes
 1998               	.LBB289:
 1999               	.LBB290:
 2000               	.LM305:
 2001 0898 2998      		cbi 37-32,1
 2002               	/* epilogue start */
 2003               	.LBE290:
 2004               	.LBE289:
 2005               	.LM306:
 2006 089a 1F91      		pop r17
 2007 089c 0F91      		pop r16
 2008               	.LVL89:
 2009 089e FF90      		pop r15
 2010               	.LVL90:
 2011 08a0 0895      		ret
 2012               	.LFE50:
 2014               	.global	nRF24L01P_Recieve_Basic
 2016               	nRF24L01P_Recieve_Basic:
 2017               	.LFB51:
 2018               	.LM307:
 2019               	.LVL91:
 2020 08a2 CF92      		push r12
 2021 08a4 DF92      		push r13
 2022 08a6 EF92      		push r14
 2023 08a8 FF92      		push r15
 2024 08aa 0F93      		push r16
 2025 08ac 1F93      		push r17
 2026 08ae CF93      		push r28
 2027 08b0 DF93      		push r29
 2028               	/* prologue: function */
 2029               	/* frame size = 0 */
 2030 08b2 7C01      		movw r14,r24
 2031               	.LBB291:
 2032               	.LBB292:
 2033               	.LM308:
 2034 08b4 E091 0000 		lds r30,nRF24L01P
 2035 08b8 F091 0000 		lds r31,(nRF24L01P)+1
 2036 08bc 118A      		std Z+17,__zero_reg__
 2037 08be 108A      		std Z+16,__zero_reg__
 2038               	.LM309:
 2039 08c0 128A      		std Z+18,__zero_reg__
 2040               	.LBE292:
 2041               	.LBE291:
 2042               	.LM310:
 2043 08c2 1086      		std Z+8,__zero_reg__
 2044 08c4 1782      		std Z+7,__zero_reg__
 2045               	.LM311:
 2046 08c6 0E94 0000 		call nRF24L01P_Set_Mode_Rx
 2047               	.LVL92:
 2048               	.LBB293:
 2049               	.LBB294:
 2050               	.LBB295:
 2051               	.LBB296:
 2052               	.LBB297:
 2053               	.LBB298:
 2054               	.LM312:
 2055 08ca 78EC      		ldi r23,lo8(200)
 2056 08cc C72E      		mov r12,r23
 2057 08ce D12C      		mov r13,__zero_reg__
 2058 08d0 00C0      		rjmp .L164
 2059               	.LVL93:
 2060               	.L167:
 2061               	.LBE298:
 2062               	.LBE297:
 2063               	.LBE296:
 2064               	.LBE295:
 2065               	.LBE294:
 2066               	.LBE293:
 2067               	.LM313:
 2068 08d2 0E94 0000 		call nRF24L01P_Receive_Buffer_Not_Empty
 2069 08d6 8823      		tst r24
 2070 08d8 01F0      		breq .L165
 2071               	.LBB304:
 2072               	.LM314:
 2073 08da C701      		movw r24,r14
 2074 08dc 0E94 0000 		call nRF24L01P_Read_Data_From_Receive_Buffer
 2075               	.LM315:
 2076 08e0 F701      		movw r30,r14
 2077 08e2 D68D      		ldd r29,Z+30
 2078               	.LVL94:
 2079 08e4 C0E0      		ldi r28,lo8(0)
 2080               	.LVL95:
 2081               	.LM316:
 2082 08e6 078D      		ldd r16,Z+31
 2083 08e8 10E0      		ldi r17,lo8(0)
 2084               	.LVL96:
 2085 08ea 0C2B      		or r16,r28
 2086 08ec 1D2B      		or r17,r29
 2087               	.LVL97:
 2088               	.LM317:
 2089 08ee C701      		movw r24,r14
 2090 08f0 6EE1      		ldi r22,lo8(30)
 2091 08f2 0E94 0000 		call nRF24L01P_Calcuate_CRC_Block
 2092               	.LM318:
 2093 08f6 0817      		cp r16,r24
 2094 08f8 1907      		cpc r17,r25
 2095 08fa 01F4      		brne .L165
 2096 08fc 81E0      		ldi r24,lo8(1)
 2097               	.LVL98:
 2098 08fe 00C0      		rjmp .L166
 2099               	.LVL99:
 2100               	.L165:
 2101               	.LBE304:
 2102               	.LBB305:
 2103               	.LBB303:
 2104               	.LBB302:
 2105               	.LBB301:
 2106               	.LBB300:
 2107               	.LBB299:
 2108               	.LM319:
 2109 0900 C601      		movw r24,r12
 2110               	.LVL100:
 2111               	/* #APP */
 2112               	 ;  105 "c:/winavr-20100110/lib/gcc/../../avr/include/util/delay_basic.h" 1
 2113 0902 0197      		1: sbiw r24,1
 2114 0904 01F4      		brne 1b
 2115               	 ;  0 "" 2
 2116               	/* #NOAPP */
 2117               	.LBE299:
 2118               	.LBE300:
 2119               	.LBE301:
 2120               	.LBE302:
 2121               	.LBE303:
 2122               	.LBE305:
 2123               	.LM320:
 2124 0906 E091 0000 		lds r30,nRF24L01P
 2125 090a F091 0000 		lds r31,(nRF24L01P)+1
 2126 090e 8781      		ldd r24,Z+7
 2127 0910 9085      		ldd r25,Z+8
 2128               	.LVL101:
 2129 0912 0196      		adiw r24,1
 2130 0914 9087      		std Z+8,r25
 2131 0916 8783      		std Z+7,r24
 2132               	.L164:
 2133               	.LM321:
 2134 0918 E091 0000 		lds r30,nRF24L01P
 2135 091c F091 0000 		lds r31,(nRF24L01P)+1
 2136 0920 2781      		ldd r18,Z+7
 2137 0922 3085      		ldd r19,Z+8
 2138 0924 8581      		ldd r24,Z+5
 2139 0926 9681      		ldd r25,Z+6
 2140 0928 2817      		cp r18,r24
 2141 092a 3907      		cpc r19,r25
 2142 092c 00F0      		brlo .L167
 2143 092e 80E0      		ldi r24,lo8(0)
 2144               	.LVL102:
 2145               	.L166:
 2146               	.LVL103:
 2147               	/* epilogue start */
 2148               	.LM322:
 2149 0930 DF91      		pop r29
 2150 0932 CF91      		pop r28
 2151 0934 1F91      		pop r17
 2152               	.LVL104:
 2153 0936 0F91      		pop r16
 2154               	.LVL105:
 2155 0938 FF90      		pop r15
 2156 093a EF90      		pop r14
 2157               	.LVL106:
 2158 093c DF90      		pop r13
 2159 093e CF90      		pop r12
 2160 0940 0895      		ret
 2161               	.LFE51:
 2163               	.global	nRF24L01P_Transmit_With_ACK
 2165               	nRF24L01P_Transmit_With_ACK:
 2166               	.LFB52:
 2167               	.LM323:
 2168               	.LVL107:
 2169 0942 CF93      		push r28
 2170 0944 DF93      		push r29
 2171               	/* prologue: function */
 2172               	/* frame size = 0 */
 2173 0946 EC01      		movw r28,r24
 2174               	.LM324:
 2175 0948 E091 0000 		lds r30,nRF24L01P
 2176 094c F091 0000 		lds r31,(nRF24L01P)+1
 2177 0950 8785      		ldd r24,Z+15
 2178               	.LVL108:
 2179 0952 8823      		tst r24
 2180 0954 01F0      		breq .L170
 2181               	.LM325:
 2182 0956 81E0      		ldi r24,lo8(1)
 2183 0958 8A8F      		std Y+26,r24
 2184 095a 00C0      		rjmp .L171
 2185               	.L170:
 2186               	.LM326:
 2187 095c 1A8E      		std Y+26,__zero_reg__
 2188               	.L171:
 2189               	.LM327:
 2190 095e CE01      		movw r24,r28
 2191 0960 0E94 0000 		call nRF24L01P_Transmit_Basic
 2192               	.LVL109:
 2193               	.LM328:
 2194 0964 CE01      		movw r24,r28
 2195 0966 0E94 0000 		call nRF24L01P_Recieve_Basic
 2196 096a 8111      		cpse r24,__zero_reg__
 2197 096c 81E0      		ldi r24,lo8(1)
 2198               	.L172:
 2199               	/* epilogue start */
 2200               	.LM329:
 2201 096e DF91      		pop r29
 2202 0970 CF91      		pop r28
 2203               	.LVL110:
 2204 0972 0895      		ret
 2205               	.LFE52:
 2207               	.global	nRF24L01P_Recieve_With_ACK
 2209               	nRF24L01P_Recieve_With_ACK:
 2210               	.LFB53:
 2211               	.LM330:
 2212               	.LVL111:
 2213 0974 CF93      		push r28
 2214 0976 DF93      		push r29
 2215               	/* prologue: function */
 2216               	/* frame size = 0 */
 2217 0978 EC01      		movw r28,r24
 2218               	.LM331:
 2219 097a 0E94 0000 		call nRF24L01P_Recieve_Basic
 2220               	.LVL112:
 2221 097e 8823      		tst r24
 2222 0980 01F0      		breq .L175
 2223               	.LM332:
 2224 0982 8A8D      		ldd r24,Y+26
 2225 0984 8130      		cpi r24,lo8(1)
 2226 0986 01F4      		brne .L175
 2227 0988 E091 0000 		lds r30,nRF24L01P
 2228 098c F091 0000 		lds r31,(nRF24L01P)+1
 2229 0990 9381      		ldd r25,Z+3
 2230 0992 8C8D      		ldd r24,Y+28
 2231 0994 9817      		cp r25,r24
 2232 0996 01F4      		brne .L175
 2233               	.LBB306:
 2234               	.LBB307:
 2235               	.LBB308:
 2236               	.LBB309:
 2237               	.LBB310:
 2238               	.LBB311:
 2239               	.LM333:
 2240 0998 88EE      		ldi r24,lo8(1000)
 2241 099a 93E0      		ldi r25,hi8(1000)
 2242               	.LVL113:
 2243               	/* #APP */
 2244               	 ;  105 "c:/winavr-20100110/lib/gcc/../../avr/include/util/delay_basic.h" 1
 2245 099c 0197      		1: sbiw r24,1
 2246 099e 01F4      		brne 1b
 2247               	 ;  0 "" 2
 2248               	/* #NOAPP */
 2249               	.LBE311:
 2250               	.LBE310:
 2251               	.LBE309:
 2252               	.LBE308:
 2253               	.LBE307:
 2254               	.LBE306:
 2255               	.LBB312:
 2256               	.LBB313:
 2257               	.LM334:
 2258 09a0 8B8D      		ldd r24,Y+27
 2259               	.LVL114:
 2260 09a2 8483      		std Z+4,r24
 2261               	.LBE313:
 2262               	.LBE312:
 2263               	.LM335:
 2264 09a4 CE01      		movw r24,r28
 2265 09a6 62E0      		ldi r22,lo8(2)
 2266 09a8 0E94 0000 		call nRF24L01P_Transmit_Basic
 2267 09ac 81E0      		ldi r24,lo8(1)
 2268               	.LVL115:
 2269 09ae 00C0      		rjmp .L176
 2270               	.LVL116:
 2271               	.L175:
 2272 09b0 80E0      		ldi r24,lo8(0)
 2273               	.LVL117:
 2274               	.L176:
 2275               	.LVL118:
 2276               	/* epilogue start */
 2277               	.LM336:
 2278 09b2 DF91      		pop r29
 2279 09b4 CF91      		pop r28
 2280               	.LVL119:
 2281 09b6 0895      		ret
 2282               	.LFE53:
 2284               		.comm nRF24L01P_type,19,1
 2285               		.comm nRF24L01P,2,1
 2686               	.Letext0:
DEFINED SYMBOLS
                            *ABS*:00000000 nrf24l01p.c
C:\Users\WALTON\AppData\Local\Temp/ccLlezIb.s:2      *ABS*:0000003f __SREG__
C:\Users\WALTON\AppData\Local\Temp/ccLlezIb.s:3      *ABS*:0000003e __SP_H__
C:\Users\WALTON\AppData\Local\Temp/ccLlezIb.s:4      *ABS*:0000003d __SP_L__
C:\Users\WALTON\AppData\Local\Temp/ccLlezIb.s:5      *ABS*:00000034 __CCP__
C:\Users\WALTON\AppData\Local\Temp/ccLlezIb.s:6      *ABS*:00000000 __tmp_reg__
C:\Users\WALTON\AppData\Local\Temp/ccLlezIb.s:7      *ABS*:00000001 __zero_reg__
C:\Users\WALTON\AppData\Local\Temp/ccLlezIb.s:18     .text:00000000 nRF24L01P_Struct_Init
                            *COM*:00000013 nRF24L01P_type
                            *COM*:00000002 nRF24L01P
C:\Users\WALTON\AppData\Local\Temp/ccLlezIb.s:71     .text:00000060 nRF24L01P_CSN_High
C:\Users\WALTON\AppData\Local\Temp/ccLlezIb.s:85     .text:00000064 nRF24L01P_CSN_Low
C:\Users\WALTON\AppData\Local\Temp/ccLlezIb.s:99     .text:00000068 nRF24L01P_CE_High
C:\Users\WALTON\AppData\Local\Temp/ccLlezIb.s:113    .text:0000006c nRF24L01P_CE_Low
C:\Users\WALTON\AppData\Local\Temp/ccLlezIb.s:127    .text:00000070 nRF24L01P_Enable_GPIO
C:\Users\WALTON\AppData\Local\Temp/ccLlezIb.s:161    .text:00000082 nRF24L01P_Disable_GPIO
C:\Users\WALTON\AppData\Local\Temp/ccLlezIb.s:191    .text:00000090 nRF24L01P_Enable_SPI
C:\Users\WALTON\AppData\Local\Temp/ccLlezIb.s:209    .text:0000009a nRF24L01P_Disable_SPI
C:\Users\WALTON\AppData\Local\Temp/ccLlezIb.s:225    .text:000000a0 nRF24L01P_Enable
C:\Users\WALTON\AppData\Local\Temp/ccLlezIb.s:249    .text:000000ae nRF24L01P_Disable
C:\Users\WALTON\AppData\Local\Temp/ccLlezIb.s:271    .text:000000b8 nRF24L01P_Error_Clear
C:\Users\WALTON\AppData\Local\Temp/ccLlezIb.s:290    .text:000000c8 nRF24L01P_Get_Error
C:\Users\WALTON\AppData\Local\Temp/ccLlezIb.s:306    .text:000000d4 nRF24L01P_No_Error
C:\Users\WALTON\AppData\Local\Temp/ccLlezIb.s:328    .text:000000ea nRF24L01P_Error_Timeout
C:\Users\WALTON\AppData\Local\Temp/ccLlezIb.s:378    .text:00000114 nRF24L01P_SPI_Transfer
C:\Users\WALTON\AppData\Local\Temp/ccLlezIb.s:451    .text:00000152 nRF24L01P_Calcuate_CRC
C:\Users\WALTON\AppData\Local\Temp/ccLlezIb.s:505    .text:0000017e nRF24L01P_Calcuate_CRC_Block
C:\Users\WALTON\AppData\Local\Temp/ccLlezIb.s:557    .text:000001ae nRF24L01P_ReadWrite_Register
C:\Users\WALTON\AppData\Local\Temp/ccLlezIb.s:668    .text:00000224 nRF24L01P_Flush_Transmit_Buffer
C:\Users\WALTON\AppData\Local\Temp/ccLlezIb.s:701    .text:00000242 nRF24L01P_Write_Data_To_Transmit_Buffer
C:\Users\WALTON\AppData\Local\Temp/ccLlezIb.s:731    .text:0000025e nRF24L01P_Transmit_Buffer_Empty
C:\Users\WALTON\AppData\Local\Temp/ccLlezIb.s:779    .text:0000029a nRF24L01P_Wait_Till_Transmission_Completes
C:\Users\WALTON\AppData\Local\Temp/ccLlezIb.s:841    .text:000002c8 nRF24L01P_Flush_Receive_Buffer
C:\Users\WALTON\AppData\Local\Temp/ccLlezIb.s:874    .text:000002e6 nRF24L01P_Read_Data_From_Receive_Buffer
C:\Users\WALTON\AppData\Local\Temp/ccLlezIb.s:904    .text:00000302 nRF24L01P_Receive_Buffer_Not_Empty
C:\Users\WALTON\AppData\Local\Temp/ccLlezIb.s:947    .text:00000334 nRF24L01P_Get_Mode
C:\Users\WALTON\AppData\Local\Temp/ccLlezIb.s:1005   .text:00000376 nRF24L01P_Set_Mode_Sleep
C:\Users\WALTON\AppData\Local\Temp/ccLlezIb.s:1043   .text:0000039e nRF24L01P_Set_Mode_Tx
C:\Users\WALTON\AppData\Local\Temp/ccLlezIb.s:1092   .text:000003d2 nRF24L01P_Set_Mode_Rx
C:\Users\WALTON\AppData\Local\Temp/ccLlezIb.s:1139   .text:00000402 nRF24L01P_ReadModifyWrite
C:\Users\WALTON\AppData\Local\Temp/ccLlezIb.s:1229   .text:0000047e nRF24L01P_Get_Channel
C:\Users\WALTON\AppData\Local\Temp/ccLlezIb.s:1269   .text:000004aa nRF24L01P_Set_Channel
C:\Users\WALTON\AppData\Local\Temp/ccLlezIb.s:1315   .text:000004d4 nRF24L01P_Get_Speed
C:\Users\WALTON\AppData\Local\Temp/ccLlezIb.s:1389   .text:0000052a nRF24L01P_Set_Speed
C:\Users\WALTON\AppData\Local\Temp/ccLlezIb.s:1469   .text:0000058c nRF24L01P_Get_Tx_Power
C:\Users\WALTON\AppData\Local\Temp/ccLlezIb.s:1513   .text:000005be nRF24L01P_Set_Tx_Power
C:\Users\WALTON\AppData\Local\Temp/ccLlezIb.s:1603   .text:0000062c nRF24L01P_Set_Own_Address
C:\Users\WALTON\AppData\Local\Temp/ccLlezIb.s:1620   .text:00000638 nRF24L01P_Set_Destination_Address
C:\Users\WALTON\AppData\Local\Temp/ccLlezIb.s:1637   .text:00000644 nRF24L01P_Set_Receive_Timeout
C:\Users\WALTON\AppData\Local\Temp/ccLlezIb.s:1655   .text:00000652 nRF24L01P_Set_MaxRetransmission
C:\Users\WALTON\AppData\Local\Temp/ccLlezIb.s:1673   .text:00000660 nRF24L01P_Deep_Sleep
C:\Users\WALTON\AppData\Local\Temp/ccLlezIb.s:1694   .text:00000678 nRF24L01P_WakeUp
C:\Users\WALTON\AppData\Local\Temp/ccLlezIb.s:1729   .text:00000690 nRF24L01P_Init
C:\Users\WALTON\AppData\Local\Temp/ccLlezIb.s:1939   .text:00000844 nRF24L01P_Transmit_Basic
C:\Users\WALTON\AppData\Local\Temp/ccLlezIb.s:2016   .text:000008a2 nRF24L01P_Recieve_Basic
C:\Users\WALTON\AppData\Local\Temp/ccLlezIb.s:2165   .text:00000942 nRF24L01P_Transmit_With_ACK
C:\Users\WALTON\AppData\Local\Temp/ccLlezIb.s:2209   .text:00000974 nRF24L01P_Recieve_With_ACK

UNDEFINED SYMBOLS
__do_copy_data
__do_clear_bss
